[INFO  - 2016-10-21T11:14:48.191Z] GhostDriver - Main - running on port 60991
[INFO  - 2016-10-21T11:14:48.548Z] Session [94430600-977f-11e6-896d-abb28d84c727] - page.settings - {"XSSAuditingEnabled":false,"javascriptCanCloseWindows":true,"javascriptCanOpenWindows":true,"javascriptEnabled":true,"loadImages":true,"localToRemoteUrlAccessEnabled":false,"userAgent":"Mozilla/5.0 (Macintosh; Intel Mac OS X) AppleWebKit/538.1 (KHTML, like Gecko) PhantomJS/2.1.1 Safari/538.1","webSecurityEnabled":true}
[INFO  - 2016-10-21T11:14:48.548Z] Session [94430600-977f-11e6-896d-abb28d84c727] - page.customHeaders:  - {}
[INFO  - 2016-10-21T11:14:48.548Z] Session [94430600-977f-11e6-896d-abb28d84c727] - Session.negotiatedCapabilities - {"browserName":"phantomjs","version":"2.1.1","driverName":"ghostdriver","driverVersion":"1.2.0","platform":"mac-10.11 (El Capitan)-64bit","javascriptEnabled":true,"takesScreenshot":true,"handlesAlerts":false,"databaseEnabled":false,"locationContextEnabled":false,"applicationCacheEnabled":false,"browserConnectionEnabled":false,"cssSelectorsEnabled":true,"webStorageEnabled":false,"rotatable":false,"acceptSslCerts":false,"nativeEvents":true,"proxy":{"proxyType":"direct"}}
[INFO  - 2016-10-21T11:14:48.548Z] SessionManagerReqHand - _postNewSessionCommand - New Session Created: 94430600-977f-11e6-896d-abb28d84c727
[ERROR - 2016-10-21T11:15:02.428Z] WebElementLocator - _handleLocateCommand - Element(s) NOT Found: GAVE UP. Search Stop Time: 1477048502344

  phantomjs://platform/console++.js:263 in error
[INFO  - 2016-10-21T11:15:57.666Z] SessionManagerReqHand - _cleanupWindowlessSessions - Asynchronous Sessions clean-up phase starting NOW
64

  phantomjs://platform/console++.js:263 in error
[ERROR - 2016-10-21T11:15:20.252Z] WebElementLocator - _handleLocateCommand - Element(s) NOT Found: GAVE UP. Search Stop Time: 1477048520194

  phantomjs://platform/console++.js:263 in error
[ERROR - 2016-10-21T11:15:28.772Z] WebElementLocator - _handleLocateCommand - Element(s) NOT Found: GAVE UP. Search Stop Time: 1477048528739

  phantomjs://platform/console++.js:263 in error
[ERROR - 2016-10-21T11:15:37.087Z] WebElementLocator - _handleLocateCommand - Element(s) NOT Found: GAVE UP. Search Stop Time: 1477048537036

  phantomjs://platform/console++.js:263 in error
[ERROR - 2016-10-21T11:15:45.503Z] WebElementLocator - _handleLocateCommand - Element(s) NOT Found: GAVE UP. Search Stop Time: 1477048545464

  phantomjs://platform/console++.js:263 in error
[ERROR - 2016-10-21T11:15:54.055Z] WebElementLocator - _handleLocateCommand - Element(s) NOT Found: GAVE UP. Search Stop Time: 1477048554013

  phantomjs://platform/console++.js:263 in error
[ERROR - 2016-10-21T11:16:02.656Z] WebElementLocator - _handleLocateCommand - Element(s) NOT Found: GAVE UP. Search Stop Time: 1477048562625

  phantomjs://platform/console++.js:263 in error
[ERROR - 2016-10-21T11:16:10.998Z] WebElementLocator - _handleLocateCommand - Element(s) NOT Found: GAVE UP. Search Stop Time: 1477048570968

  phantomjs://platform/console++.js:263 in error
[ERROR - 2016-10-21T11:16:19.790Z] WebElementLocator - _handleLocateCommand - Element(s) NOT Found: GAVE UP. Search Stop Time: 1477048579758

  phantomjs://platform/console++.js:263 in error
[ERROR - 2016-10-21T11:16:28.126Z] WebElementLocator - _handleLocateCommand - Element(s) NOT Found: GAVE UP. Search Stop Time: 1477048588094

  phantomjs://platform/console++.js:263 in error
[ERROR - 2016-10-21T11:16:36.436Z] WebElementLocator - _handleLocateCommand - Element(s) NOT Found: GAVE UP. Search Stop Time: 1477048596400

  phantomjs://platform/console++.js:263 in error
[ERROR - 2016-10-21T11:16:44.560Z] WebElementLocator - _handleLocateCommand - Element(s) NOT Found: GAVE UP. Search Stop Time: 1477048604523

  phantomjs://platform/console++.js:263 in error
[ERROR - 2016-10-21T11:16:52.761Z] WebElementLocator - _handleLocateCommand - Element(s) NOT Found: GAVE UP. Search Stop Time: 1477048612726

  phantomjs://platform/console++.js:263 in error
[ERROR - 2016-10-21T11:17:01.176Z] WebElementLocator - _handleLocateCommand - Element(s) NOT Found: GAVE UP. Search Stop Time: 1477048621129

  phantomjs://platform/console++.js:263 in error
[ERROR - 2016-10-21T11:17:09.764Z] WebElementLocator - _handleLocateCommand - Element(s) NOT Found: GAVE UP. Search Stop Time: 1477048629739

  phantomjs://platform/console++.js:263 in error
[ERROR - 2016-10-21T11:17:17.976Z] WebElementLocator - _handleLocateCommand - Element(s) NOT Found: GAVE UP. Search Stop Time: 1477048637945

  phantomjs://platform/console++.js:263 in error
[ERROR - 2016-10-21T11:17:26.176Z] WebElementLocator - _handleLocateCommand - Element(s) NOT Found: GAVE UP. Search Stop Time: 1477048646144

  phantomjs://platform/console++.js:263 in error
[ERROR - 2016-10-21T11:17:34.340Z] WebElementLocator - _handleLocateCommand - Element(s) NOT Found: GAVE UP. Search Stop Time: 1477048654307

  phantomjs://platform/console++.js:263 in error
[ERROR - 2016-10-21T11:17:42.675Z] WebElementLocator - _handleLocateCommand - Element(s) NOT Found: GAVE UP. Search Stop Time: 1477048662643

  phantomjs://platform/console++.js:263 in error
[ERROR - 2016-10-21T11:17:50.815Z] WebElementLocator - _handleLocateCommand - Element(s) NOT Found: GAVE UP. Search Stop Time: 1477048670783

  phantomjs://platform/console++.js:263 in error
[ERROR - 2016-10-21T11:17:59.105Z] WebElementLocator - _handleLocateCommand - Element(s) NOT Found: GAVE UP. Search Stop Time: 1477048679060

  phantomjs://platform/console++.js:263 in error
[ERROR - 2016-10-21T11:18:07.850Z] WebElementLocator - _handleLocateCommand - Element(s) NOT Found: GAVE UP. Search Stop Time: 1477048687796

  phantomjs://platform/console++.js:263 in error
[ERROR - 2016-10-21T11:18:16.008Z] WebElementLocator - _handleLocateCommand - Element(s) NOT Found: GAVE UP. Search Stop Time: 1477048695972

  phantomjs://platform/console++.js:263 in error
[ERROR - 2016-10-21T11:18:24.320Z] WebElementLocator - _handleLocateCommand - Element(s) NOT Found: GAVE UP. Search Stop Time: 1477048704284

  phantomjs://platform/console++.js:263 in error
[ERROR - 2016-10-21T11:18:32.593Z] WebElementLocator - _handleLocateCommand - Element(s) NOT Found: GAVE UP. Search Stop Time: 1477048712561

  phantomjs://platform/console++.js:263 in error
[ERROR - 2016-10-21T11:18:40.820Z] WebElementLocator - _handleLocateCommand - Element(s) NOT Found: GAVE UP. Search Stop Time: 1477048720788

  phantomjs://platform/console++.js:263 in error
[ERROR - 2016-10-21T11:18:49.113Z] WebElementLocator - _handleLocateCommand - Element(s) NOT Found: GAVE UP. Search Stop Time: 1477048729072

  phantomjs://platform/console++.js:263 in error
[ERROR - 2016-10-21T11:18:57.262Z] WebElementLocator - _handleLocateCommand - Element(s) NOT Found: GAVE UP. Search Stop Time: 1477048737229

  phantomjs://platform/console++.js:263 in error
[ERROR - 2016-10-21T11:19:05.454Z] WebElementLocator - _handleLocateCommand - Element(s) NOT Found: GAVE UP. Search Stop Time: 1477048745418

  phantomjs://platform/console++.js:263 in error
[ERROR - 2016-10-21T11:19:13.711Z] WebElementLocator - _handleLocateCommand - Element(s) NOT Found: GAVE UP. Search Stop Time: 1477048753674

  phantomjs://platform/console++.js:263 in error
[ERROR - 2016-10-21T11:19:21.955Z] WebElementLocator - _handleLocateCommand - Element(s) NOT Found: GAVE UP. Search Stop Time: 1477048761917

  phantomjs://platform/console++.js:263 in error
[ERROR - 2016-10-21T11:19:30.214Z] WebElementLocator - _handleLocateCommand - Element(s) NOT Found: GAVE UP. Search Stop Time: 1477048770178

  phantomjs://platform/console++.js:263 in error
[ERROR - 2016-10-21T11:19:38.523Z] WebElementLocator - _handleLocateCommand - Element(s) NOT Found: GAVE UP. Search Stop Time: 1477048778490

  phantomjs://platform/console++.js:263 in error
[ERROR - 2016-10-21T11:19:46.769Z] WebElementLocator - _handleLocateCommand - Element(s) NOT Found: GAVE UP. Search Stop Time: 1477048786733

  phantomjs://platform/console++.js:263 in error
[INFO  - 2016-10-21T11:19:49.868Z] SessionManagerReqHand - _cleanupWindowlessSessions - Asynchronous Sessions clean-up phase starting NOW
[ERROR - 2016-10-21T11:19:55.178Z] WebElementLocator - _handleLocateCommand - Element(s) NOT Found: GAVE UP. Search Stop Time: 1477048795139

  phantomjs://platform/console++.js:263 in error
[ERROR - 2016-10-21T11:20:03.860Z] WebElementLocator - _handleLocateCommand - Element(s) NOT Found: GAVE UP. Search Stop Time: 1477048803825

  phantomjs://platform/console++.js:263 in error
